{"/home/simplicio/Documentos/WEB2/projeto-web2/server.js": {"path":"/home/simplicio/Documentos/WEB2/projeto-web2/server.js","statementMap":{"0":{"start":{"line":1,"column":0},"end":{"line":1,"column":27}},"1":{"start":{"line":2,"column":16},"end":{"line":2,"column":34}},"2":{"start":{"line":3,"column":18},"end":{"line":3,"column":43}},"3":{"start":{"line":4,"column":15},"end":{"line":4,"column":47}},"4":{"start":{"line":5,"column":21},"end":{"line":5,"column":58}},"5":{"start":{"line":7,"column":12},"end":{"line":7,"column":21}},"6":{"start":{"line":9,"column":0},"end":{"line":9,"column":24}},"7":{"start":{"line":10,"column":0},"end":{"line":10,"column":48}},"8":{"start":{"line":12,"column":0},"end":{"line":12,"column":12}},"9":{"start":{"line":14,"column":0},"end":{"line":14,"column":24}},"10":{"start":{"line":16,"column":0},"end":{"line":16,"column":22}},"11":{"start":{"line":18,"column":0},"end":{"line":20,"column":3}},"12":{"start":{"line":19,"column":2},"end":{"line":19,"column":49}},"13":{"start":{"line":22,"column":13},"end":{"line":22,"column":37}},"14":{"start":{"line":25,"column":0},"end":{"line":29,"column":1}},"15":{"start":{"line":26,"column":2},"end":{"line":28,"column":5}},"16":{"start":{"line":27,"column":4},"end":{"line":27,"column":53}},"17":{"start":{"line":31,"column":0},"end":{"line":31,"column":21}}},"fnMap":{"0":{"name":"(anonymous_0)","decl":{"start":{"line":18,"column":13},"end":{"line":18,"column":14}},"loc":{"start":{"line":18,"column":27},"end":{"line":20,"column":1}},"line":18},"1":{"name":"(anonymous_1)","decl":{"start":{"line":26,"column":19},"end":{"line":26,"column":20}},"loc":{"start":{"line":26,"column":25},"end":{"line":28,"column":3}},"line":26}},"branchMap":{"0":{"loc":{"start":{"line":22,"column":13},"end":{"line":22,"column":37}},"type":"binary-expr","locations":[{"start":{"line":22,"column":13},"end":{"line":22,"column":29}},{"start":{"line":22,"column":33},"end":{"line":22,"column":37}}],"line":22},"1":{"loc":{"start":{"line":25,"column":0},"end":{"line":29,"column":1}},"type":"if","locations":[{"start":{"line":25,"column":0},"end":{"line":29,"column":1}},{"start":{},"end":{}}],"line":25}},"s":{"0":3,"1":3,"2":3,"3":3,"4":3,"5":3,"6":3,"7":3,"8":3,"9":3,"10":3,"11":3,"12":1,"13":3,"14":3,"15":0,"16":0,"17":3},"f":{"0":1,"1":0},"b":{"0":[3,3],"1":[0,3]},"_coverageSchema":"1a1c01bbd47fc00a2c39e90264f33305004495a9","hash":"d29e79b23b093f763ce912a833e03bbd55bf6be6"}
,"/home/simplicio/Documentos/WEB2/projeto-web2/config/cloudinary.js": {"path":"/home/simplicio/Documentos/WEB2/projeto-web2/config/cloudinary.js","statementMap":{"0":{"start":{"line":1,"column":19},"end":{"line":1,"column":43}},"1":{"start":{"line":3,"column":0},"end":{"line":7,"column":3}},"2":{"start":{"line":9,"column":0},"end":{"line":9,"column":28}}},"fnMap":{},"branchMap":{},"s":{"0":3,"1":3,"2":3},"f":{},"b":{},"_coverageSchema":"1a1c01bbd47fc00a2c39e90264f33305004495a9","hash":"7184f501e000e056e1391e5482db2426ea103334"}
,"/home/simplicio/Documentos/WEB2/projeto-web2/config/mongo.js": {"path":"/home/simplicio/Documentos/WEB2/projeto-web2/config/mongo.js","statementMap":{"0":{"start":{"line":1,"column":17},"end":{"line":1,"column":36}},"1":{"start":{"line":4,"column":2},"end":{"line":21,"column":3}},"2":{"start":{"line":5,"column":21},"end":{"line":5,"column":42}},"3":{"start":{"line":7,"column":4},"end":{"line":9,"column":5}},"4":{"start":{"line":8,"column":6},"end":{"line":8,"column":79}},"5":{"start":{"line":11,"column":4},"end":{"line":14,"column":7}},"6":{"start":{"line":16,"column":4},"end":{"line":16,"column":56}},"7":{"start":{"line":17,"column":4},"end":{"line":17,"column":67}},"8":{"start":{"line":19,"column":4},"end":{"line":19,"column":71}},"9":{"start":{"line":20,"column":4},"end":{"line":20,"column":20}},"10":{"start":{"line":24,"column":0},"end":{"line":24,"column":27}}},"fnMap":{"0":{"name":"connectDB","decl":{"start":{"line":3,"column":15},"end":{"line":3,"column":24}},"loc":{"start":{"line":3,"column":27},"end":{"line":22,"column":1}},"line":3}},"branchMap":{"0":{"loc":{"start":{"line":7,"column":4},"end":{"line":9,"column":5}},"type":"if","locations":[{"start":{"line":7,"column":4},"end":{"line":9,"column":5}},{"start":{},"end":{}}],"line":7}},"s":{"0":3,"1":3,"2":3,"3":3,"4":0,"5":3,"6":3,"7":3,"8":0,"9":0,"10":3},"f":{"0":3},"b":{"0":[0,3]},"_coverageSchema":"1a1c01bbd47fc00a2c39e90264f33305004495a9","hash":"2ef4ecceac339a0b5c09eec0cc1a4a9fdde6d7e6"}
,"/home/simplicio/Documentos/WEB2/projeto-web2/config/multer.js": {"path":"/home/simplicio/Documentos/WEB2/projeto-web2/config/multer.js","statementMap":{"0":{"start":{"line":1,"column":15},"end":{"line":1,"column":32}},"1":{"start":{"line":2,"column":13},"end":{"line":2,"column":28}},"2":{"start":{"line":4,"column":16},"end":{"line":13,"column":2}},"3":{"start":{"line":6,"column":4},"end":{"line":6,"column":21}},"4":{"start":{"line":9,"column":16},"end":{"line":9,"column":47}},"5":{"start":{"line":10,"column":17},"end":{"line":10,"column":33}},"6":{"start":{"line":11,"column":4},"end":{"line":11,"column":19}},"7":{"start":{"line":15,"column":15},"end":{"line":15,"column":34}},"8":{"start":{"line":17,"column":0},"end":{"line":17,"column":24}}},"fnMap":{"0":{"name":"(anonymous_0)","decl":{"start":{"line":5,"column":15},"end":{"line":5,"column":16}},"loc":{"start":{"line":5,"column":34},"end":{"line":7,"column":3}},"line":5},"1":{"name":"(anonymous_1)","decl":{"start":{"line":8,"column":12},"end":{"line":8,"column":13}},"loc":{"start":{"line":8,"column":31},"end":{"line":12,"column":3}},"line":8}},"branchMap":{},"s":{"0":3,"1":3,"2":3,"3":0,"4":0,"5":0,"6":0,"7":3,"8":3},"f":{"0":0,"1":0},"b":{},"_coverageSchema":"1a1c01bbd47fc00a2c39e90264f33305004495a9","hash":"528aed80d97c19c62381ed9fc210237d0df4c3e7"}
,"/home/simplicio/Documentos/WEB2/projeto-web2/controllers/auth.controller.js": {"path":"/home/simplicio/Documentos/WEB2/projeto-web2/controllers/auth.controller.js","statementMap":{"0":{"start":{"line":1,"column":13},"end":{"line":1,"column":44}},"1":{"start":{"line":2,"column":12},"end":{"line":2,"column":35}},"2":{"start":{"line":3,"column":15},"end":{"line":3,"column":32}},"3":{"start":{"line":5,"column":0},"end":{"line":28,"column":2}},"4":{"start":{"line":7,"column":4},"end":{"line":26,"column":5}},"5":{"start":{"line":8,"column":34},"end":{"line":8,"column":42}},"6":{"start":{"line":10,"column":19},"end":{"line":10,"column":48}},"7":{"start":{"line":12,"column":6},"end":{"line":12,"column":82}},"8":{"start":{"line":12,"column":17},"end":{"line":12,"column":82}},"9":{"start":{"line":14,"column":17},"end":{"line":14,"column":67}},"10":{"start":{"line":15,"column":6},"end":{"line":15,"column":73}},"11":{"start":{"line":15,"column":15},"end":{"line":15,"column":73}},"12":{"start":{"line":17,"column":20},"end":{"line":21,"column":7}},"13":{"start":{"line":23,"column":6},"end":{"line":23,"column":39}},"14":{"start":{"line":25,"column":6},"end":{"line":25,"column":58}}},"fnMap":{"0":{"name":"(anonymous_0)","decl":{"start":{"line":6,"column":2},"end":{"line":6,"column":3}},"loc":{"start":{"line":6,"column":24},"end":{"line":27,"column":3}},"line":6}},"branchMap":{"0":{"loc":{"start":{"line":12,"column":6},"end":{"line":12,"column":82}},"type":"if","locations":[{"start":{"line":12,"column":6},"end":{"line":12,"column":82}},{"start":{},"end":{}}],"line":12},"1":{"loc":{"start":{"line":15,"column":6},"end":{"line":15,"column":73}},"type":"if","locations":[{"start":{"line":15,"column":6},"end":{"line":15,"column":73}},{"start":{},"end":{}}],"line":15}},"s":{"0":3,"1":3,"2":3,"3":3,"4":1,"5":1,"6":1,"7":1,"8":1,"9":0,"10":0,"11":0,"12":0,"13":0,"14":0},"f":{"0":1},"b":{"0":[1,0],"1":[0,0]},"_coverageSchema":"1a1c01bbd47fc00a2c39e90264f33305004495a9","hash":"f9a13c7b604b1e8ba528ba6deadbaceb557f0165"}
,"/home/simplicio/Documentos/WEB2/projeto-web2/controllers/categories.controller.js": {"path":"/home/simplicio/Documentos/WEB2/projeto-web2/controllers/categories.controller.js","statementMap":{"0":{"start":{"line":1,"column":17},"end":{"line":1,"column":52}},"1":{"start":{"line":3,"column":0},"end":{"line":56,"column":2}},"2":{"start":{"line":5,"column":4},"end":{"line":10,"column":5}},"3":{"start":{"line":6,"column":25},"end":{"line":6,"column":46}},"4":{"start":{"line":7,"column":6},"end":{"line":7,"column":34}},"5":{"start":{"line":9,"column":6},"end":{"line":9,"column":58}},"6":{"start":{"line":14,"column":4},"end":{"line":21,"column":5}},"7":{"start":{"line":15,"column":23},"end":{"line":15,"column":61}},"8":{"start":{"line":16,"column":6},"end":{"line":16,"column":88}},"9":{"start":{"line":16,"column":21},"end":{"line":16,"column":88}},"10":{"start":{"line":18,"column":6},"end":{"line":18,"column":32}},"11":{"start":{"line":20,"column":6},"end":{"line":20,"column":58}},"12":{"start":{"line":25,"column":4},"end":{"line":30,"column":5}},"13":{"start":{"line":26,"column":23},"end":{"line":26,"column":54}},"14":{"start":{"line":27,"column":6},"end":{"line":27,"column":44}},"15":{"start":{"line":29,"column":6},"end":{"line":29,"column":58}},"16":{"start":{"line":34,"column":4},"end":{"line":42,"column":5}},"17":{"start":{"line":35,"column":22},"end":{"line":35,"column":94}},"18":{"start":{"line":37,"column":6},"end":{"line":37,"column":87}},"19":{"start":{"line":37,"column":20},"end":{"line":37,"column":87}},"20":{"start":{"line":39,"column":6},"end":{"line":39,"column":31}},"21":{"start":{"line":41,"column":6},"end":{"line":41,"column":58}},"22":{"start":{"line":46,"column":4},"end":{"line":54,"column":5}},"23":{"start":{"line":47,"column":22},"end":{"line":47,"column":69}},"24":{"start":{"line":49,"column":6},"end":{"line":49,"column":87}},"25":{"start":{"line":49,"column":20},"end":{"line":49,"column":87}},"26":{"start":{"line":51,"column":6},"end":{"line":51,"column":36}},"27":{"start":{"line":53,"column":6},"end":{"line":53,"column":58}}},"fnMap":{"0":{"name":"(anonymous_0)","decl":{"start":{"line":4,"column":2},"end":{"line":4,"column":3}},"loc":{"start":{"line":4,"column":24},"end":{"line":11,"column":3}},"line":4},"1":{"name":"(anonymous_1)","decl":{"start":{"line":13,"column":2},"end":{"line":13,"column":3}},"loc":{"start":{"line":13,"column":23},"end":{"line":22,"column":3}},"line":13},"2":{"name":"(anonymous_2)","decl":{"start":{"line":24,"column":2},"end":{"line":24,"column":3}},"loc":{"start":{"line":24,"column":24},"end":{"line":31,"column":3}},"line":24},"3":{"name":"(anonymous_3)","decl":{"start":{"line":33,"column":2},"end":{"line":33,"column":3}},"loc":{"start":{"line":33,"column":25},"end":{"line":43,"column":3}},"line":33},"4":{"name":"(anonymous_4)","decl":{"start":{"line":45,"column":2},"end":{"line":45,"column":3}},"loc":{"start":{"line":45,"column":26},"end":{"line":55,"column":3}},"line":45}},"branchMap":{"0":{"loc":{"start":{"line":16,"column":6},"end":{"line":16,"column":88}},"type":"if","locations":[{"start":{"line":16,"column":6},"end":{"line":16,"column":88}},{"start":{},"end":{}}],"line":16},"1":{"loc":{"start":{"line":37,"column":6},"end":{"line":37,"column":87}},"type":"if","locations":[{"start":{"line":37,"column":6},"end":{"line":37,"column":87}},{"start":{},"end":{}}],"line":37},"2":{"loc":{"start":{"line":49,"column":6},"end":{"line":49,"column":87}},"type":"if","locations":[{"start":{"line":49,"column":6},"end":{"line":49,"column":87}},{"start":{},"end":{}}],"line":49}},"s":{"0":3,"1":3,"2":0,"3":0,"4":0,"5":0,"6":0,"7":0,"8":0,"9":0,"10":0,"11":0,"12":0,"13":0,"14":0,"15":0,"16":0,"17":0,"18":0,"19":0,"20":0,"21":0,"22":0,"23":0,"24":0,"25":0,"26":0,"27":0},"f":{"0":0,"1":0,"2":0,"3":0,"4":0},"b":{"0":[0,0],"1":[0,0],"2":[0,0]},"_coverageSchema":"1a1c01bbd47fc00a2c39e90264f33305004495a9","hash":"1aa21729976384ceeb076904ca2236f36c3b1123"}
,"/home/simplicio/Documentos/WEB2/projeto-web2/controllers/movement_items.controller.js": {"path":"/home/simplicio/Documentos/WEB2/projeto-web2/controllers/movement_items.controller.js","statementMap":{"0":{"start":{"line":1,"column":21},"end":{"line":1,"column":62}},"1":{"start":{"line":2,"column":14},"end":{"line":2,"column":46}},"2":{"start":{"line":4,"column":0},"end":{"line":69,"column":2}},"3":{"start":{"line":6,"column":4},"end":{"line":15,"column":5}},"4":{"start":{"line":7,"column":20},"end":{"line":10,"column":29}},"5":{"start":{"line":12,"column":6},"end":{"line":12,"column":29}},"6":{"start":{"line":14,"column":6},"end":{"line":14,"column":58}},"7":{"start":{"line":19,"column":4},"end":{"line":54,"column":5}},"8":{"start":{"line":27,"column":10},"end":{"line":27,"column":18}},"9":{"start":{"line":30,"column":20},"end":{"line":30,"column":50}},"10":{"start":{"line":31,"column":6},"end":{"line":33,"column":7}},"11":{"start":{"line":32,"column":8},"end":{"line":32,"column":73}},"12":{"start":{"line":36,"column":19},"end":{"line":43,"column":8}},"13":{"start":{"line":46,"column":28},"end":{"line":49,"column":29}},"14":{"start":{"line":51,"column":6},"end":{"line":51,"column":49}},"15":{"start":{"line":53,"column":6},"end":{"line":53,"column":58}},"16":{"start":{"line":58,"column":4},"end":{"line":67,"column":5}},"17":{"start":{"line":59,"column":21},"end":{"line":59,"column":31}},"18":{"start":{"line":60,"column":19},"end":{"line":60,"column":59}},"19":{"start":{"line":61,"column":6},"end":{"line":63,"column":7}},"20":{"start":{"line":62,"column":8},"end":{"line":62,"column":70}},"21":{"start":{"line":64,"column":6},"end":{"line":64,"column":72}},"22":{"start":{"line":66,"column":6},"end":{"line":66,"column":58}}},"fnMap":{"0":{"name":"(anonymous_0)","decl":{"start":{"line":5,"column":2},"end":{"line":5,"column":3}},"loc":{"start":{"line":5,"column":24},"end":{"line":16,"column":3}},"line":5},"1":{"name":"(anonymous_1)","decl":{"start":{"line":18,"column":2},"end":{"line":18,"column":3}},"loc":{"start":{"line":18,"column":24},"end":{"line":55,"column":3}},"line":18},"2":{"name":"(anonymous_2)","decl":{"start":{"line":57,"column":2},"end":{"line":57,"column":3}},"loc":{"start":{"line":57,"column":25},"end":{"line":68,"column":3}},"line":57}},"branchMap":{"0":{"loc":{"start":{"line":31,"column":6},"end":{"line":33,"column":7}},"type":"if","locations":[{"start":{"line":31,"column":6},"end":{"line":33,"column":7}},{"start":{},"end":{}}],"line":31},"1":{"loc":{"start":{"line":61,"column":6},"end":{"line":63,"column":7}},"type":"if","locations":[{"start":{"line":61,"column":6},"end":{"line":63,"column":7}},{"start":{},"end":{}}],"line":61}},"s":{"0":3,"1":3,"2":3,"3":0,"4":0,"5":0,"6":0,"7":0,"8":0,"9":0,"10":0,"11":0,"12":0,"13":0,"14":0,"15":0,"16":0,"17":0,"18":0,"19":0,"20":0,"21":0,"22":0},"f":{"0":0,"1":0,"2":0},"b":{"0":[0,0],"1":[0,0]},"_coverageSchema":"1a1c01bbd47fc00a2c39e90264f33305004495a9","hash":"b80f8ebf95369dd19adf0f0e7c8ca6c60248c52a"}
,"/home/simplicio/Documentos/WEB2/projeto-web2/controllers/price-adjustment.controller.js": {"path":"/home/simplicio/Documentos/WEB2/projeto-web2/controllers/price-adjustment.controller.js","statementMap":{"0":{"start":{"line":1,"column":24},"end":{"line":1,"column":67}},"1":{"start":{"line":3,"column":0},"end":{"line":24,"column":2}},"2":{"start":{"line":5,"column":4},"end":{"line":13,"column":5}},"3":{"start":{"line":6,"column":26},"end":{"line":8,"column":28}},"4":{"start":{"line":10,"column":6},"end":{"line":10,"column":35}},"5":{"start":{"line":12,"column":6},"end":{"line":12,"column":58}},"6":{"start":{"line":17,"column":4},"end":{"line":22,"column":5}},"7":{"start":{"line":18,"column":25},"end":{"line":18,"column":63}},"8":{"start":{"line":19,"column":6},"end":{"line":19,"column":46}},"9":{"start":{"line":21,"column":6},"end":{"line":21,"column":58}}},"fnMap":{"0":{"name":"(anonymous_0)","decl":{"start":{"line":4,"column":2},"end":{"line":4,"column":3}},"loc":{"start":{"line":4,"column":24},"end":{"line":14,"column":3}},"line":4},"1":{"name":"(anonymous_1)","decl":{"start":{"line":16,"column":2},"end":{"line":16,"column":3}},"loc":{"start":{"line":16,"column":24},"end":{"line":23,"column":3}},"line":16}},"branchMap":{},"s":{"0":3,"1":3,"2":0,"3":0,"4":0,"5":0,"6":0,"7":0,"8":0,"9":0},"f":{"0":0,"1":0},"b":{},"_coverageSchema":"1a1c01bbd47fc00a2c39e90264f33305004495a9","hash":"c79cfe7ef84beedc1b7a9f87526cb77484d3a227"}
,"/home/simplicio/Documentos/WEB2/projeto-web2/controllers/product.controller.js": {"path":"/home/simplicio/Documentos/WEB2/projeto-web2/controllers/product.controller.js","statementMap":{"0":{"start":{"line":1,"column":16},"end":{"line":1,"column":50}},"1":{"start":{"line":2,"column":19},"end":{"line":2,"column":50}},"2":{"start":{"line":4,"column":0},"end":{"line":71,"column":2}},"3":{"start":{"line":6,"column":4},"end":{"line":11,"column":5}},"4":{"start":{"line":7,"column":23},"end":{"line":7,"column":91}},"5":{"start":{"line":8,"column":6},"end":{"line":8,"column":32}},"6":{"start":{"line":10,"column":6},"end":{"line":10,"column":58}},"7":{"start":{"line":15,"column":4},"end":{"line":25,"column":5}},"8":{"start":{"line":16,"column":22},"end":{"line":18,"column":32}},"9":{"start":{"line":20,"column":6},"end":{"line":20,"column":85}},"10":{"start":{"line":20,"column":20},"end":{"line":20,"column":85}},"11":{"start":{"line":22,"column":6},"end":{"line":22,"column":31}},"12":{"start":{"line":24,"column":6},"end":{"line":24,"column":58}},"13":{"start":{"line":29,"column":4},"end":{"line":45,"column":5}},"14":{"start":{"line":30,"column":21},"end":{"line":30,"column":25}},"15":{"start":{"line":32,"column":6},"end":{"line":35,"column":7}},"16":{"start":{"line":33,"column":25},"end":{"line":33,"column":72}},"17":{"start":{"line":34,"column":8},"end":{"line":34,"column":39}},"18":{"start":{"line":37,"column":25},"end":{"line":40,"column":8}},"19":{"start":{"line":42,"column":6},"end":{"line":42,"column":46}},"20":{"start":{"line":44,"column":6},"end":{"line":44,"column":58}},"21":{"start":{"line":49,"column":4},"end":{"line":57,"column":5}},"22":{"start":{"line":50,"column":22},"end":{"line":50,"column":93}},"23":{"start":{"line":52,"column":6},"end":{"line":52,"column":85}},"24":{"start":{"line":52,"column":20},"end":{"line":52,"column":85}},"25":{"start":{"line":54,"column":6},"end":{"line":54,"column":31}},"26":{"start":{"line":56,"column":6},"end":{"line":56,"column":58}},"27":{"start":{"line":61,"column":4},"end":{"line":69,"column":5}},"28":{"start":{"line":62,"column":22},"end":{"line":62,"column":68}},"29":{"start":{"line":64,"column":6},"end":{"line":64,"column":85}},"30":{"start":{"line":64,"column":20},"end":{"line":64,"column":85}},"31":{"start":{"line":66,"column":6},"end":{"line":66,"column":36}},"32":{"start":{"line":68,"column":6},"end":{"line":68,"column":58}}},"fnMap":{"0":{"name":"(anonymous_0)","decl":{"start":{"line":5,"column":2},"end":{"line":5,"column":3}},"loc":{"start":{"line":5,"column":23},"end":{"line":12,"column":3}},"line":5},"1":{"name":"(anonymous_1)","decl":{"start":{"line":14,"column":2},"end":{"line":14,"column":3}},"loc":{"start":{"line":14,"column":22},"end":{"line":26,"column":3}},"line":14},"2":{"name":"(anonymous_2)","decl":{"start":{"line":28,"column":2},"end":{"line":28,"column":3}},"loc":{"start":{"line":28,"column":25},"end":{"line":46,"column":3}},"line":28},"3":{"name":"(anonymous_3)","decl":{"start":{"line":48,"column":2},"end":{"line":48,"column":3}},"loc":{"start":{"line":48,"column":25},"end":{"line":58,"column":3}},"line":48},"4":{"name":"(anonymous_4)","decl":{"start":{"line":60,"column":2},"end":{"line":60,"column":3}},"loc":{"start":{"line":60,"column":25},"end":{"line":70,"column":3}},"line":60}},"branchMap":{"0":{"loc":{"start":{"line":20,"column":6},"end":{"line":20,"column":85}},"type":"if","locations":[{"start":{"line":20,"column":6},"end":{"line":20,"column":85}},{"start":{},"end":{}}],"line":20},"1":{"loc":{"start":{"line":32,"column":6},"end":{"line":35,"column":7}},"type":"if","locations":[{"start":{"line":32,"column":6},"end":{"line":35,"column":7}},{"start":{},"end":{}}],"line":32},"2":{"loc":{"start":{"line":52,"column":6},"end":{"line":52,"column":85}},"type":"if","locations":[{"start":{"line":52,"column":6},"end":{"line":52,"column":85}},{"start":{},"end":{}}],"line":52},"3":{"loc":{"start":{"line":64,"column":6},"end":{"line":64,"column":85}},"type":"if","locations":[{"start":{"line":64,"column":6},"end":{"line":64,"column":85}},{"start":{},"end":{}}],"line":64}},"s":{"0":3,"1":3,"2":3,"3":1,"4":1,"5":1,"6":0,"7":2,"8":2,"9":2,"10":1,"11":1,"12":0,"13":1,"14":1,"15":1,"16":0,"17":0,"18":1,"19":1,"20":0,"21":2,"22":2,"23":2,"24":1,"25":1,"26":0,"27":2,"28":2,"29":2,"30":1,"31":1,"32":0},"f":{"0":1,"1":2,"2":1,"3":2,"4":2},"b":{"0":[1,1],"1":[0,1],"2":[1,1],"3":[1,1]},"_coverageSchema":"1a1c01bbd47fc00a2c39e90264f33305004495a9","hash":"135aa52256f3c74d925196e3bd793c05ad2a2ce0"}
,"/home/simplicio/Documentos/WEB2/projeto-web2/controllers/stock.controller.js": {"path":"/home/simplicio/Documentos/WEB2/projeto-web2/controllers/stock.controller.js","statementMap":{"0":{"start":{"line":1,"column":14},"end":{"line":1,"column":46}},"1":{"start":{"line":3,"column":0},"end":{"line":62,"column":2}},"2":{"start":{"line":5,"column":4},"end":{"line":13,"column":5}},"3":{"start":{"line":6,"column":21},"end":{"line":8,"column":33}},"4":{"start":{"line":10,"column":6},"end":{"line":10,"column":30}},"5":{"start":{"line":12,"column":6},"end":{"line":12,"column":58}},"6":{"start":{"line":17,"column":4},"end":{"line":27,"column":5}},"7":{"start":{"line":18,"column":20},"end":{"line":20,"column":33}},"8":{"start":{"line":22,"column":6},"end":{"line":22,"column":83}},"9":{"start":{"line":22,"column":18},"end":{"line":22,"column":83}},"10":{"start":{"line":24,"column":6},"end":{"line":24,"column":29}},"11":{"start":{"line":26,"column":6},"end":{"line":26,"column":58}},"12":{"start":{"line":31,"column":4},"end":{"line":36,"column":5}},"13":{"start":{"line":32,"column":20},"end":{"line":32,"column":48}},"14":{"start":{"line":33,"column":6},"end":{"line":33,"column":41}},"15":{"start":{"line":35,"column":6},"end":{"line":35,"column":58}},"16":{"start":{"line":40,"column":4},"end":{"line":48,"column":5}},"17":{"start":{"line":41,"column":20},"end":{"line":41,"column":89}},"18":{"start":{"line":43,"column":6},"end":{"line":43,"column":83}},"19":{"start":{"line":43,"column":18},"end":{"line":43,"column":83}},"20":{"start":{"line":45,"column":6},"end":{"line":45,"column":29}},"21":{"start":{"line":47,"column":6},"end":{"line":47,"column":58}},"22":{"start":{"line":52,"column":4},"end":{"line":60,"column":5}},"23":{"start":{"line":53,"column":22},"end":{"line":53,"column":66}},"24":{"start":{"line":55,"column":6},"end":{"line":55,"column":85}},"25":{"start":{"line":55,"column":20},"end":{"line":55,"column":85}},"26":{"start":{"line":57,"column":6},"end":{"line":57,"column":36}},"27":{"start":{"line":59,"column":6},"end":{"line":59,"column":58}}},"fnMap":{"0":{"name":"(anonymous_0)","decl":{"start":{"line":4,"column":2},"end":{"line":4,"column":3}},"loc":{"start":{"line":4,"column":24},"end":{"line":14,"column":3}},"line":4},"1":{"name":"(anonymous_1)","decl":{"start":{"line":16,"column":2},"end":{"line":16,"column":3}},"loc":{"start":{"line":16,"column":23},"end":{"line":28,"column":3}},"line":16},"2":{"name":"(anonymous_2)","decl":{"start":{"line":30,"column":2},"end":{"line":30,"column":3}},"loc":{"start":{"line":30,"column":24},"end":{"line":37,"column":3}},"line":30},"3":{"name":"(anonymous_3)","decl":{"start":{"line":39,"column":2},"end":{"line":39,"column":3}},"loc":{"start":{"line":39,"column":25},"end":{"line":49,"column":3}},"line":39},"4":{"name":"(anonymous_4)","decl":{"start":{"line":51,"column":2},"end":{"line":51,"column":3}},"loc":{"start":{"line":51,"column":26},"end":{"line":61,"column":3}},"line":51}},"branchMap":{"0":{"loc":{"start":{"line":22,"column":6},"end":{"line":22,"column":83}},"type":"if","locations":[{"start":{"line":22,"column":6},"end":{"line":22,"column":83}},{"start":{},"end":{}}],"line":22},"1":{"loc":{"start":{"line":43,"column":6},"end":{"line":43,"column":83}},"type":"if","locations":[{"start":{"line":43,"column":6},"end":{"line":43,"column":83}},{"start":{},"end":{}}],"line":43},"2":{"loc":{"start":{"line":55,"column":6},"end":{"line":55,"column":85}},"type":"if","locations":[{"start":{"line":55,"column":6},"end":{"line":55,"column":85}},{"start":{},"end":{}}],"line":55}},"s":{"0":3,"1":3,"2":0,"3":0,"4":0,"5":0,"6":0,"7":0,"8":0,"9":0,"10":0,"11":0,"12":0,"13":0,"14":0,"15":0,"16":0,"17":0,"18":0,"19":0,"20":0,"21":0,"22":0,"23":0,"24":0,"25":0,"26":0,"27":0},"f":{"0":0,"1":0,"2":0,"3":0,"4":0},"b":{"0":[0,0],"1":[0,0],"2":[0,0]},"_coverageSchema":"1a1c01bbd47fc00a2c39e90264f33305004495a9","hash":"8f3dffd50693558c42b17c7e23ac7c85f63a5c59"}
,"/home/simplicio/Documentos/WEB2/projeto-web2/controllers/stock_movement.controller.js": {"path":"/home/simplicio/Documentos/WEB2/projeto-web2/controllers/stock_movement.controller.js","statementMap":{"0":{"start":{"line":1,"column":22},"end":{"line":1,"column":64}},"1":{"start":{"line":3,"column":0},"end":{"line":56,"column":2}},"2":{"start":{"line":5,"column":4},"end":{"line":10,"column":5}},"3":{"start":{"line":6,"column":24},"end":{"line":6,"column":50}},"4":{"start":{"line":7,"column":6},"end":{"line":7,"column":33}},"5":{"start":{"line":9,"column":6},"end":{"line":9,"column":58}},"6":{"start":{"line":14,"column":4},"end":{"line":21,"column":5}},"7":{"start":{"line":15,"column":23},"end":{"line":15,"column":66}},"8":{"start":{"line":16,"column":6},"end":{"line":16,"column":88}},"9":{"start":{"line":16,"column":21},"end":{"line":16,"column":88}},"10":{"start":{"line":18,"column":6},"end":{"line":18,"column":32}},"11":{"start":{"line":20,"column":6},"end":{"line":20,"column":58}},"12":{"start":{"line":25,"column":4},"end":{"line":30,"column":5}},"13":{"start":{"line":26,"column":23},"end":{"line":26,"column":59}},"14":{"start":{"line":27,"column":6},"end":{"line":27,"column":44}},"15":{"start":{"line":29,"column":6},"end":{"line":29,"column":58}},"16":{"start":{"line":34,"column":4},"end":{"line":42,"column":5}},"17":{"start":{"line":35,"column":23},"end":{"line":35,"column":100}},"18":{"start":{"line":37,"column":6},"end":{"line":37,"column":88}},"19":{"start":{"line":37,"column":21},"end":{"line":37,"column":88}},"20":{"start":{"line":39,"column":6},"end":{"line":39,"column":32}},"21":{"start":{"line":41,"column":6},"end":{"line":41,"column":58}},"22":{"start":{"line":46,"column":4},"end":{"line":54,"column":5}},"23":{"start":{"line":47,"column":22},"end":{"line":47,"column":74}},"24":{"start":{"line":49,"column":6},"end":{"line":49,"column":87}},"25":{"start":{"line":49,"column":20},"end":{"line":49,"column":87}},"26":{"start":{"line":51,"column":6},"end":{"line":51,"column":36}},"27":{"start":{"line":53,"column":6},"end":{"line":53,"column":58}}},"fnMap":{"0":{"name":"(anonymous_0)","decl":{"start":{"line":4,"column":2},"end":{"line":4,"column":3}},"loc":{"start":{"line":4,"column":24},"end":{"line":11,"column":3}},"line":4},"1":{"name":"(anonymous_1)","decl":{"start":{"line":13,"column":2},"end":{"line":13,"column":3}},"loc":{"start":{"line":13,"column":23},"end":{"line":22,"column":3}},"line":13},"2":{"name":"(anonymous_2)","decl":{"start":{"line":24,"column":2},"end":{"line":24,"column":3}},"loc":{"start":{"line":24,"column":24},"end":{"line":31,"column":3}},"line":24},"3":{"name":"(anonymous_3)","decl":{"start":{"line":33,"column":2},"end":{"line":33,"column":3}},"loc":{"start":{"line":33,"column":25},"end":{"line":43,"column":3}},"line":33},"4":{"name":"(anonymous_4)","decl":{"start":{"line":45,"column":2},"end":{"line":45,"column":3}},"loc":{"start":{"line":45,"column":26},"end":{"line":55,"column":3}},"line":45}},"branchMap":{"0":{"loc":{"start":{"line":16,"column":6},"end":{"line":16,"column":88}},"type":"if","locations":[{"start":{"line":16,"column":6},"end":{"line":16,"column":88}},{"start":{},"end":{}}],"line":16},"1":{"loc":{"start":{"line":37,"column":6},"end":{"line":37,"column":88}},"type":"if","locations":[{"start":{"line":37,"column":6},"end":{"line":37,"column":88}},{"start":{},"end":{}}],"line":37},"2":{"loc":{"start":{"line":49,"column":6},"end":{"line":49,"column":87}},"type":"if","locations":[{"start":{"line":49,"column":6},"end":{"line":49,"column":87}},{"start":{},"end":{}}],"line":49}},"s":{"0":3,"1":3,"2":0,"3":0,"4":0,"5":0,"6":0,"7":0,"8":0,"9":0,"10":0,"11":0,"12":0,"13":0,"14":0,"15":0,"16":0,"17":0,"18":0,"19":0,"20":0,"21":0,"22":0,"23":0,"24":0,"25":0,"26":0,"27":0},"f":{"0":0,"1":0,"2":0,"3":0,"4":0},"b":{"0":[0,0],"1":[0,0],"2":[0,0]},"_coverageSchema":"1a1c01bbd47fc00a2c39e90264f33305004495a9","hash":"03e8761809f482625fa621ff65d6a2d7513f0739"}
,"/home/simplicio/Documentos/WEB2/projeto-web2/controllers/suppliers.controller.js": {"path":"/home/simplicio/Documentos/WEB2/projeto-web2/controllers/suppliers.controller.js","statementMap":{"0":{"start":{"line":1,"column":17},"end":{"line":1,"column":52}},"1":{"start":{"line":3,"column":0},"end":{"line":56,"column":2}},"2":{"start":{"line":5,"column":4},"end":{"line":10,"column":5}},"3":{"start":{"line":6,"column":24},"end":{"line":6,"column":45}},"4":{"start":{"line":7,"column":6},"end":{"line":7,"column":33}},"5":{"start":{"line":9,"column":6},"end":{"line":9,"column":58}},"6":{"start":{"line":14,"column":4},"end":{"line":21,"column":5}},"7":{"start":{"line":15,"column":23},"end":{"line":15,"column":61}},"8":{"start":{"line":16,"column":6},"end":{"line":16,"column":89}},"9":{"start":{"line":16,"column":21},"end":{"line":16,"column":89}},"10":{"start":{"line":18,"column":6},"end":{"line":18,"column":32}},"11":{"start":{"line":20,"column":6},"end":{"line":20,"column":58}},"12":{"start":{"line":25,"column":4},"end":{"line":30,"column":5}},"13":{"start":{"line":26,"column":23},"end":{"line":26,"column":54}},"14":{"start":{"line":27,"column":6},"end":{"line":27,"column":44}},"15":{"start":{"line":29,"column":6},"end":{"line":29,"column":58}},"16":{"start":{"line":34,"column":4},"end":{"line":42,"column":5}},"17":{"start":{"line":35,"column":23},"end":{"line":35,"column":95}},"18":{"start":{"line":37,"column":6},"end":{"line":37,"column":89}},"19":{"start":{"line":37,"column":21},"end":{"line":37,"column":89}},"20":{"start":{"line":39,"column":6},"end":{"line":39,"column":32}},"21":{"start":{"line":41,"column":6},"end":{"line":41,"column":58}},"22":{"start":{"line":46,"column":4},"end":{"line":54,"column":5}},"23":{"start":{"line":47,"column":22},"end":{"line":47,"column":69}},"24":{"start":{"line":49,"column":6},"end":{"line":49,"column":88}},"25":{"start":{"line":49,"column":20},"end":{"line":49,"column":88}},"26":{"start":{"line":51,"column":6},"end":{"line":51,"column":36}},"27":{"start":{"line":53,"column":6},"end":{"line":53,"column":58}}},"fnMap":{"0":{"name":"(anonymous_0)","decl":{"start":{"line":4,"column":2},"end":{"line":4,"column":3}},"loc":{"start":{"line":4,"column":24},"end":{"line":11,"column":3}},"line":4},"1":{"name":"(anonymous_1)","decl":{"start":{"line":13,"column":2},"end":{"line":13,"column":3}},"loc":{"start":{"line":13,"column":23},"end":{"line":22,"column":3}},"line":13},"2":{"name":"(anonymous_2)","decl":{"start":{"line":24,"column":2},"end":{"line":24,"column":3}},"loc":{"start":{"line":24,"column":24},"end":{"line":31,"column":3}},"line":24},"3":{"name":"(anonymous_3)","decl":{"start":{"line":33,"column":2},"end":{"line":33,"column":3}},"loc":{"start":{"line":33,"column":25},"end":{"line":43,"column":3}},"line":33},"4":{"name":"(anonymous_4)","decl":{"start":{"line":45,"column":2},"end":{"line":45,"column":3}},"loc":{"start":{"line":45,"column":26},"end":{"line":55,"column":3}},"line":45}},"branchMap":{"0":{"loc":{"start":{"line":16,"column":6},"end":{"line":16,"column":89}},"type":"if","locations":[{"start":{"line":16,"column":6},"end":{"line":16,"column":89}},{"start":{},"end":{}}],"line":16},"1":{"loc":{"start":{"line":37,"column":6},"end":{"line":37,"column":89}},"type":"if","locations":[{"start":{"line":37,"column":6},"end":{"line":37,"column":89}},{"start":{},"end":{}}],"line":37},"2":{"loc":{"start":{"line":49,"column":6},"end":{"line":49,"column":88}},"type":"if","locations":[{"start":{"line":49,"column":6},"end":{"line":49,"column":88}},{"start":{},"end":{}}],"line":49}},"s":{"0":3,"1":3,"2":0,"3":0,"4":0,"5":0,"6":0,"7":0,"8":0,"9":0,"10":0,"11":0,"12":0,"13":0,"14":0,"15":0,"16":0,"17":0,"18":0,"19":0,"20":0,"21":0,"22":0,"23":0,"24":0,"25":0,"26":0,"27":0},"f":{"0":0,"1":0,"2":0,"3":0,"4":0},"b":{"0":[0,0],"1":[0,0],"2":[0,0]},"_coverageSchema":"1a1c01bbd47fc00a2c39e90264f33305004495a9","hash":"195a28e8e5984e90a6657cff632b19a6e01c0d86"}
,"/home/simplicio/Documentos/WEB2/projeto-web2/controllers/user.controller.js": {"path":"/home/simplicio/Documentos/WEB2/projeto-web2/controllers/user.controller.js","statementMap":{"0":{"start":{"line":1,"column":13},"end":{"line":1,"column":44}},"1":{"start":{"line":2,"column":15},"end":{"line":2,"column":32}},"2":{"start":{"line":4,"column":0},"end":{"line":27,"column":2}},"3":{"start":{"line":6,"column":18},"end":{"line":6,"column":35}},"4":{"start":{"line":7,"column":4},"end":{"line":7,"column":27}},"5":{"start":{"line":11,"column":4},"end":{"line":25,"column":5}},"6":{"start":{"line":12,"column":40},"end":{"line":12,"column":48}},"7":{"start":{"line":14,"column":19},"end":{"line":14,"column":50}},"8":{"start":{"line":16,"column":22},"end":{"line":20,"column":8}},"9":{"start":{"line":22,"column":6},"end":{"line":22,"column":43}},"10":{"start":{"line":24,"column":6},"end":{"line":24,"column":58}}},"fnMap":{"0":{"name":"(anonymous_0)","decl":{"start":{"line":5,"column":2},"end":{"line":5,"column":3}},"loc":{"start":{"line":5,"column":23},"end":{"line":8,"column":3}},"line":5},"1":{"name":"(anonymous_1)","decl":{"start":{"line":10,"column":2},"end":{"line":10,"column":3}},"loc":{"start":{"line":10,"column":25},"end":{"line":26,"column":3}},"line":10}},"branchMap":{},"s":{"0":3,"1":3,"2":3,"3":0,"4":0,"5":0,"6":0,"7":0,"8":0,"9":0,"10":0},"f":{"0":0,"1":0},"b":{},"_coverageSchema":"1a1c01bbd47fc00a2c39e90264f33305004495a9","hash":"a3ffde657a1f5405c43ebf4d1148b0ed0fc8dda9"}
,"/home/simplicio/Documentos/WEB2/projeto-web2/controllers/warehouses.controller.js": {"path":"/home/simplicio/Documentos/WEB2/projeto-web2/controllers/warehouses.controller.js","statementMap":{"0":{"start":{"line":1,"column":18},"end":{"line":1,"column":54}},"1":{"start":{"line":3,"column":0},"end":{"line":56,"column":2}},"2":{"start":{"line":5,"column":4},"end":{"line":10,"column":5}},"3":{"start":{"line":6,"column":25},"end":{"line":6,"column":47}},"4":{"start":{"line":7,"column":6},"end":{"line":7,"column":34}},"5":{"start":{"line":9,"column":6},"end":{"line":9,"column":58}},"6":{"start":{"line":14,"column":4},"end":{"line":21,"column":5}},"7":{"start":{"line":15,"column":24},"end":{"line":15,"column":63}},"8":{"start":{"line":16,"column":6},"end":{"line":16,"column":88}},"9":{"start":{"line":16,"column":22},"end":{"line":16,"column":88}},"10":{"start":{"line":18,"column":6},"end":{"line":18,"column":33}},"11":{"start":{"line":20,"column":6},"end":{"line":20,"column":58}},"12":{"start":{"line":25,"column":4},"end":{"line":30,"column":5}},"13":{"start":{"line":26,"column":24},"end":{"line":26,"column":56}},"14":{"start":{"line":27,"column":6},"end":{"line":27,"column":45}},"15":{"start":{"line":29,"column":6},"end":{"line":29,"column":58}},"16":{"start":{"line":34,"column":4},"end":{"line":42,"column":5}},"17":{"start":{"line":35,"column":24},"end":{"line":35,"column":97}},"18":{"start":{"line":37,"column":6},"end":{"line":37,"column":88}},"19":{"start":{"line":37,"column":22},"end":{"line":37,"column":88}},"20":{"start":{"line":39,"column":6},"end":{"line":39,"column":33}},"21":{"start":{"line":41,"column":6},"end":{"line":41,"column":58}},"22":{"start":{"line":46,"column":4},"end":{"line":54,"column":5}},"23":{"start":{"line":47,"column":22},"end":{"line":47,"column":70}},"24":{"start":{"line":49,"column":6},"end":{"line":49,"column":86}},"25":{"start":{"line":49,"column":20},"end":{"line":49,"column":86}},"26":{"start":{"line":51,"column":6},"end":{"line":51,"column":36}},"27":{"start":{"line":53,"column":6},"end":{"line":53,"column":58}}},"fnMap":{"0":{"name":"(anonymous_0)","decl":{"start":{"line":4,"column":2},"end":{"line":4,"column":3}},"loc":{"start":{"line":4,"column":24},"end":{"line":11,"column":3}},"line":4},"1":{"name":"(anonymous_1)","decl":{"start":{"line":13,"column":2},"end":{"line":13,"column":3}},"loc":{"start":{"line":13,"column":23},"end":{"line":22,"column":3}},"line":13},"2":{"name":"(anonymous_2)","decl":{"start":{"line":24,"column":2},"end":{"line":24,"column":3}},"loc":{"start":{"line":24,"column":24},"end":{"line":31,"column":3}},"line":24},"3":{"name":"(anonymous_3)","decl":{"start":{"line":33,"column":2},"end":{"line":33,"column":3}},"loc":{"start":{"line":33,"column":25},"end":{"line":43,"column":3}},"line":33},"4":{"name":"(anonymous_4)","decl":{"start":{"line":45,"column":2},"end":{"line":45,"column":3}},"loc":{"start":{"line":45,"column":26},"end":{"line":55,"column":3}},"line":45}},"branchMap":{"0":{"loc":{"start":{"line":16,"column":6},"end":{"line":16,"column":88}},"type":"if","locations":[{"start":{"line":16,"column":6},"end":{"line":16,"column":88}},{"start":{},"end":{}}],"line":16},"1":{"loc":{"start":{"line":37,"column":6},"end":{"line":37,"column":88}},"type":"if","locations":[{"start":{"line":37,"column":6},"end":{"line":37,"column":88}},{"start":{},"end":{}}],"line":37},"2":{"loc":{"start":{"line":49,"column":6},"end":{"line":49,"column":86}},"type":"if","locations":[{"start":{"line":49,"column":6},"end":{"line":49,"column":86}},{"start":{},"end":{}}],"line":49}},"s":{"0":3,"1":3,"2":0,"3":0,"4":0,"5":0,"6":0,"7":0,"8":0,"9":0,"10":0,"11":0,"12":0,"13":0,"14":0,"15":0,"16":0,"17":0,"18":0,"19":0,"20":0,"21":0,"22":0,"23":0,"24":0,"25":0,"26":0,"27":0},"f":{"0":0,"1":0,"2":0,"3":0,"4":0},"b":{"0":[0,0],"1":[0,0],"2":[0,0]},"_coverageSchema":"1a1c01bbd47fc00a2c39e90264f33305004495a9","hash":"0ce160b461170418e17ae1c37cb8f7ff4dc3a127"}
,"/home/simplicio/Documentos/WEB2/projeto-web2/middlewares/errorHandler.js": {"path":"/home/simplicio/Documentos/WEB2/projeto-web2/middlewares/errorHandler.js","statementMap":{"0":{"start":{"line":1,"column":0},"end":{"line":8,"column":2}},"1":{"start":{"line":2,"column":4},"end":{"line":2,"column":41}},"2":{"start":{"line":4,"column":4},"end":{"line":7,"column":7}}},"fnMap":{"0":{"name":"(anonymous_0)","decl":{"start":{"line":1,"column":17},"end":{"line":1,"column":18}},"loc":{"start":{"line":1,"column":42},"end":{"line":8,"column":1}},"line":1}},"branchMap":{},"s":{"0":3,"1":0,"2":0},"f":{"0":0},"b":{},"_coverageSchema":"1a1c01bbd47fc00a2c39e90264f33305004495a9","hash":"a1bf17d8071dd0d1cef47e3ec15d3bd8150a6208"}
,"/home/simplicio/Documentos/WEB2/projeto-web2/models/category.model.js": {"path":"/home/simplicio/Documentos/WEB2/projeto-web2/models/category.model.js","statementMap":{"0":{"start":{"line":1,"column":17},"end":{"line":1,"column":36}},"1":{"start":{"line":3,"column":23},"end":{"line":6,"column":2}},"2":{"start":{"line":8,"column":0},"end":{"line":8,"column":60}}},"fnMap":{},"branchMap":{},"s":{"0":3,"1":3,"2":3},"f":{},"b":{},"_coverageSchema":"1a1c01bbd47fc00a2c39e90264f33305004495a9","hash":"81e60eef2d5eacc1c0387b3cce568393ffefc790"}
,"/home/simplicio/Documentos/WEB2/projeto-web2/models/movement-items.model.js": {"path":"/home/simplicio/Documentos/WEB2/projeto-web2/models/movement-items.model.js","statementMap":{"0":{"start":{"line":1,"column":17},"end":{"line":1,"column":36}},"1":{"start":{"line":2,"column":14},"end":{"line":2,"column":38}},"2":{"start":{"line":3,"column":22},"end":{"line":3,"column":56}},"3":{"start":{"line":5,"column":27},"end":{"line":12,"column":2}},"4":{"start":{"line":15,"column":0},"end":{"line":57,"column":3}},"5":{"start":{"line":16,"column":2},"end":{"line":56,"column":3}},"6":{"start":{"line":18,"column":25},"end":{"line":21,"column":27}},"7":{"start":{"line":23,"column":4},"end":{"line":23,"column":59}},"8":{"start":{"line":23,"column":52},"end":{"line":23,"column":59}},"9":{"start":{"line":25,"column":21},"end":{"line":25,"column":45}},"10":{"start":{"line":26,"column":18},"end":{"line":26,"column":39}},"11":{"start":{"line":27,"column":21},"end":{"line":27,"column":42}},"12":{"start":{"line":29,"column":4},"end":{"line":29,"column":23}},"13":{"start":{"line":29,"column":16},"end":{"line":29,"column":23}},"14":{"start":{"line":32,"column":25},"end":{"line":32,"column":26}},"15":{"start":{"line":34,"column":4},"end":{"line":38,"column":5}},"16":{"start":{"line":35,"column":6},"end":{"line":35,"column":32}},"17":{"start":{"line":36,"column":11},"end":{"line":38,"column":5}},"18":{"start":{"line":37,"column":6},"end":{"line":37,"column":33}},"19":{"start":{"line":42,"column":4},"end":{"line":49,"column":6}},"20":{"start":{"line":51,"column":4},"end":{"line":53,"column":6}},"21":{"start":{"line":55,"column":4},"end":{"line":55,"column":61}},"22":{"start":{"line":60,"column":0},"end":{"line":97,"column":3}},"23":{"start":{"line":61,"column":2},"end":{"line":96,"column":3}},"24":{"start":{"line":62,"column":25},"end":{"line":65,"column":27}},"25":{"start":{"line":67,"column":4},"end":{"line":67,"column":66}},"26":{"start":{"line":67,"column":52},"end":{"line":67,"column":66}},"27":{"start":{"line":69,"column":21},"end":{"line":69,"column":45}},"28":{"start":{"line":70,"column":18},"end":{"line":70,"column":39}},"29":{"start":{"line":71,"column":21},"end":{"line":71,"column":42}},"30":{"start":{"line":73,"column":4},"end":{"line":73,"column":30}},"31":{"start":{"line":73,"column":16},"end":{"line":73,"column":30}},"32":{"start":{"line":76,"column":25},"end":{"line":76,"column":26}},"33":{"start":{"line":77,"column":4},"end":{"line":81,"column":5}},"34":{"start":{"line":78,"column":6},"end":{"line":78,"column":33}},"35":{"start":{"line":79,"column":11},"end":{"line":81,"column":5}},"36":{"start":{"line":80,"column":6},"end":{"line":80,"column":32}},"37":{"start":{"line":83,"column":4},"end":{"line":90,"column":6}},"38":{"start":{"line":92,"column":4},"end":{"line":92,"column":11}},"39":{"start":{"line":94,"column":4},"end":{"line":94,"column":60}},"40":{"start":{"line":95,"column":4},"end":{"line":95,"column":14}},"41":{"start":{"line":99,"column":0},"end":{"line":99,"column":68}}},"fnMap":{"0":{"name":"(anonymous_0)","decl":{"start":{"line":15,"column":32},"end":{"line":15,"column":33}},"loc":{"start":{"line":15,"column":53},"end":{"line":57,"column":1}},"line":15},"1":{"name":"(anonymous_1)","decl":{"start":{"line":60,"column":44},"end":{"line":60,"column":45}},"loc":{"start":{"line":60,"column":66},"end":{"line":97,"column":1}},"line":60}},"branchMap":{"0":{"loc":{"start":{"line":23,"column":4},"end":{"line":23,"column":59}},"type":"if","locations":[{"start":{"line":23,"column":4},"end":{"line":23,"column":59}},{"start":{},"end":{}}],"line":23},"1":{"loc":{"start":{"line":23,"column":8},"end":{"line":23,"column":50}},"type":"binary-expr","locations":[{"start":{"line":23,"column":8},"end":{"line":23,"column":21}},{"start":{"line":23,"column":25},"end":{"line":23,"column":50}}],"line":23},"2":{"loc":{"start":{"line":29,"column":4},"end":{"line":29,"column":23}},"type":"if","locations":[{"start":{"line":29,"column":4},"end":{"line":29,"column":23}},{"start":{},"end":{}}],"line":29},"3":{"loc":{"start":{"line":34,"column":4},"end":{"line":38,"column":5}},"type":"if","locations":[{"start":{"line":34,"column":4},"end":{"line":38,"column":5}},{"start":{"line":36,"column":11},"end":{"line":38,"column":5}}],"line":34},"4":{"loc":{"start":{"line":36,"column":11},"end":{"line":38,"column":5}},"type":"if","locations":[{"start":{"line":36,"column":11},"end":{"line":38,"column":5}},{"start":{},"end":{}}],"line":36},"5":{"loc":{"start":{"line":52,"column":29},"end":{"line":52,"column":58}},"type":"cond-expr","locations":[{"start":{"line":52,"column":50},"end":{"line":52,"column":53}},{"start":{"line":52,"column":56},"end":{"line":52,"column":58}}],"line":52},"6":{"loc":{"start":{"line":67,"column":4},"end":{"line":67,"column":66}},"type":"if","locations":[{"start":{"line":67,"column":4},"end":{"line":67,"column":66}},{"start":{},"end":{}}],"line":67},"7":{"loc":{"start":{"line":67,"column":8},"end":{"line":67,"column":50}},"type":"binary-expr","locations":[{"start":{"line":67,"column":8},"end":{"line":67,"column":21}},{"start":{"line":67,"column":25},"end":{"line":67,"column":50}}],"line":67},"8":{"loc":{"start":{"line":73,"column":4},"end":{"line":73,"column":30}},"type":"if","locations":[{"start":{"line":73,"column":4},"end":{"line":73,"column":30}},{"start":{},"end":{}}],"line":73},"9":{"loc":{"start":{"line":77,"column":4},"end":{"line":81,"column":5}},"type":"if","locations":[{"start":{"line":77,"column":4},"end":{"line":81,"column":5}},{"start":{"line":79,"column":11},"end":{"line":81,"column":5}}],"line":77},"10":{"loc":{"start":{"line":79,"column":11},"end":{"line":81,"column":5}},"type":"if","locations":[{"start":{"line":79,"column":11},"end":{"line":81,"column":5}},{"start":{},"end":{}}],"line":79}},"s":{"0":3,"1":3,"2":3,"3":3,"4":3,"5":0,"6":0,"7":0,"8":0,"9":0,"10":0,"11":0,"12":0,"13":0,"14":0,"15":0,"16":0,"17":0,"18":0,"19":0,"20":0,"21":0,"22":3,"23":0,"24":0,"25":0,"26":0,"27":0,"28":0,"29":0,"30":0,"31":0,"32":0,"33":0,"34":0,"35":0,"36":0,"37":0,"38":0,"39":0,"40":0,"41":3},"f":{"0":0,"1":0},"b":{"0":[0,0],"1":[0,0],"2":[0,0],"3":[0,0],"4":[0,0],"5":[0,0],"6":[0,0],"7":[0,0],"8":[0,0],"9":[0,0],"10":[0,0]},"_coverageSchema":"1a1c01bbd47fc00a2c39e90264f33305004495a9","hash":"2551984cba587098addc67779cfa0d60c51f87d6"}
,"/home/simplicio/Documentos/WEB2/projeto-web2/models/price-adjustment.model.js": {"path":"/home/simplicio/Documentos/WEB2/projeto-web2/models/price-adjustment.model.js","statementMap":{"0":{"start":{"line":1,"column":17},"end":{"line":1,"column":36}},"1":{"start":{"line":3,"column":30},"end":{"line":9,"column":2}},"2":{"start":{"line":11,"column":0},"end":{"line":11,"column":74}}},"fnMap":{},"branchMap":{},"s":{"0":3,"1":3,"2":3},"f":{},"b":{},"_coverageSchema":"1a1c01bbd47fc00a2c39e90264f33305004495a9","hash":"d3466e9848c7166d7096a5ee8788c19bb9323105"}
,"/home/simplicio/Documentos/WEB2/projeto-web2/models/product.model.js": {"path":"/home/simplicio/Documentos/WEB2/projeto-web2/models/product.model.js","statementMap":{"0":{"start":{"line":1,"column":17},"end":{"line":1,"column":36}},"1":{"start":{"line":3,"column":22},"end":{"line":13,"column":2}},"2":{"start":{"line":15,"column":0},"end":{"line":15,"column":58}}},"fnMap":{},"branchMap":{},"s":{"0":3,"1":3,"2":3},"f":{},"b":{},"_coverageSchema":"1a1c01bbd47fc00a2c39e90264f33305004495a9","hash":"1a3aa7b001ff32b6c17329c9ba3e48a6c374eae1"}
,"/home/simplicio/Documentos/WEB2/projeto-web2/models/stock-movements.model.js": {"path":"/home/simplicio/Documentos/WEB2/projeto-web2/models/stock-movements.model.js","statementMap":{"0":{"start":{"line":1,"column":17},"end":{"line":1,"column":36}},"1":{"start":{"line":3,"column":28},"end":{"line":11,"column":2}},"2":{"start":{"line":13,"column":0},"end":{"line":13,"column":70}}},"fnMap":{},"branchMap":{},"s":{"0":3,"1":3,"2":3},"f":{},"b":{},"_coverageSchema":"1a1c01bbd47fc00a2c39e90264f33305004495a9","hash":"3ebe0e5a76f3e384b852d7a13481621d5b3629dd"}
,"/home/simplicio/Documentos/WEB2/projeto-web2/models/stock.model.js": {"path":"/home/simplicio/Documentos/WEB2/projeto-web2/models/stock.model.js","statementMap":{"0":{"start":{"line":1,"column":17},"end":{"line":1,"column":36}},"1":{"start":{"line":3,"column":20},"end":{"line":8,"column":2}},"2":{"start":{"line":10,"column":0},"end":{"line":10,"column":54}}},"fnMap":{},"branchMap":{},"s":{"0":3,"1":3,"2":3},"f":{},"b":{},"_coverageSchema":"1a1c01bbd47fc00a2c39e90264f33305004495a9","hash":"b18edcbf1f210cdefac8e69d04c134aebd37fce5"}
,"/home/simplicio/Documentos/WEB2/projeto-web2/models/supplier.model.js": {"path":"/home/simplicio/Documentos/WEB2/projeto-web2/models/supplier.model.js","statementMap":{"0":{"start":{"line":1,"column":17},"end":{"line":1,"column":36}},"1":{"start":{"line":3,"column":23},"end":{"line":7,"column":2}},"2":{"start":{"line":9,"column":0},"end":{"line":9,"column":60}}},"fnMap":{},"branchMap":{},"s":{"0":3,"1":3,"2":3},"f":{},"b":{},"_coverageSchema":"1a1c01bbd47fc00a2c39e90264f33305004495a9","hash":"73b8cc3089272cbdcdb4821ad59bf718ce6e0a6a"}
,"/home/simplicio/Documentos/WEB2/projeto-web2/models/user.model.js": {"path":"/home/simplicio/Documentos/WEB2/projeto-web2/models/user.model.js","statementMap":{"0":{"start":{"line":1,"column":17},"end":{"line":1,"column":36}},"1":{"start":{"line":3,"column":19},"end":{"line":8,"column":2}},"2":{"start":{"line":10,"column":0},"end":{"line":10,"column":52}}},"fnMap":{},"branchMap":{},"s":{"0":3,"1":3,"2":3},"f":{},"b":{},"_coverageSchema":"1a1c01bbd47fc00a2c39e90264f33305004495a9","hash":"0822f0df949beee9e2708af843e38fed42eb2242"}
,"/home/simplicio/Documentos/WEB2/projeto-web2/models/warehouse.model.js": {"path":"/home/simplicio/Documentos/WEB2/projeto-web2/models/warehouse.model.js","statementMap":{"0":{"start":{"line":1,"column":17},"end":{"line":1,"column":36}},"1":{"start":{"line":3,"column":24},"end":{"line":6,"column":2}},"2":{"start":{"line":8,"column":0},"end":{"line":8,"column":62}}},"fnMap":{},"branchMap":{},"s":{"0":3,"1":3,"2":3},"f":{},"b":{},"_coverageSchema":"1a1c01bbd47fc00a2c39e90264f33305004495a9","hash":"9b63a2d59426c6d5f5791edfa8c423e003f61763"}
,"/home/simplicio/Documentos/WEB2/projeto-web2/routes/auth.routes.js": {"path":"/home/simplicio/Documentos/WEB2/projeto-web2/routes/auth.routes.js","statementMap":{"0":{"start":{"line":1,"column":16},"end":{"line":1,"column":34}},"1":{"start":{"line":2,"column":15},"end":{"line":2,"column":31}},"2":{"start":{"line":4,"column":23},"end":{"line":4,"column":64}},"3":{"start":{"line":6,"column":0},"end":{"line":6,"column":39}},"4":{"start":{"line":8,"column":0},"end":{"line":8,"column":24}}},"fnMap":{},"branchMap":{},"s":{"0":3,"1":3,"2":3,"3":3,"4":3},"f":{},"b":{},"_coverageSchema":"1a1c01bbd47fc00a2c39e90264f33305004495a9","hash":"bd10328574e7f223a46ba5e12a6b3f55066f467b"}
,"/home/simplicio/Documentos/WEB2/projeto-web2/routes/categories.routes.js": {"path":"/home/simplicio/Documentos/WEB2/projeto-web2/routes/categories.routes.js","statementMap":{"0":{"start":{"line":1,"column":16},"end":{"line":1,"column":34}},"1":{"start":{"line":2,"column":15},"end":{"line":2,"column":31}},"2":{"start":{"line":3,"column":29},"end":{"line":3,"column":76}},"3":{"start":{"line":5,"column":0},"end":{"line":5,"column":44}},"4":{"start":{"line":6,"column":0},"end":{"line":6,"column":46}},"5":{"start":{"line":7,"column":0},"end":{"line":7,"column":45}},"6":{"start":{"line":8,"column":0},"end":{"line":8,"column":48}},"7":{"start":{"line":9,"column":0},"end":{"line":9,"column":52}},"8":{"start":{"line":11,"column":0},"end":{"line":11,"column":24}}},"fnMap":{},"branchMap":{},"s":{"0":3,"1":3,"2":3,"3":3,"4":3,"5":3,"6":3,"7":3,"8":3},"f":{},"b":{},"_coverageSchema":"1a1c01bbd47fc00a2c39e90264f33305004495a9","hash":"d12051a0f329127c52167bdf7babf75759152d4f"}
,"/home/simplicio/Documentos/WEB2/projeto-web2/routes/index.routes.js": {"path":"/home/simplicio/Documentos/WEB2/projeto-web2/routes/index.routes.js","statementMap":{"0":{"start":{"line":1,"column":16},"end":{"line":1,"column":34}},"1":{"start":{"line":2,"column":15},"end":{"line":2,"column":31}},"2":{"start":{"line":4,"column":0},"end":{"line":4,"column":58}},"3":{"start":{"line":5,"column":0},"end":{"line":5,"column":54}},"4":{"start":{"line":6,"column":0},"end":{"line":6,"column":56}},"5":{"start":{"line":7,"column":0},"end":{"line":7,"column":58}},"6":{"start":{"line":8,"column":0},"end":{"line":8,"column":49}},"7":{"start":{"line":9,"column":0},"end":{"line":9,"column":66}},"8":{"start":{"line":10,"column":0},"end":{"line":10,"column":59}},"9":{"start":{"line":11,"column":0},"end":{"line":11,"column":70}},"10":{"start":{"line":12,"column":0},"end":{"line":12,"column":48}},"11":{"start":{"line":13,"column":0},"end":{"line":13,"column":47}},"12":{"start":{"line":15,"column":0},"end":{"line":15,"column":24}}},"fnMap":{},"branchMap":{},"s":{"0":3,"1":3,"2":3,"3":3,"4":3,"5":3,"6":3,"7":3,"8":3,"9":3,"10":3,"11":3,"12":3},"f":{},"b":{},"_coverageSchema":"1a1c01bbd47fc00a2c39e90264f33305004495a9","hash":"98fe951649ab555efa87ed526bceee9902344dae"}
,"/home/simplicio/Documentos/WEB2/projeto-web2/routes/movement.routes.js": {"path":"/home/simplicio/Documentos/WEB2/projeto-web2/routes/movement.routes.js","statementMap":{"0":{"start":{"line":1,"column":16},"end":{"line":1,"column":34}},"1":{"start":{"line":2,"column":15},"end":{"line":2,"column":31}},"2":{"start":{"line":4,"column":31},"end":{"line":4,"column":82}},"3":{"start":{"line":6,"column":0},"end":{"line":6,"column":46}},"4":{"start":{"line":7,"column":0},"end":{"line":7,"column":47}},"5":{"start":{"line":9,"column":0},"end":{"line":9,"column":24}}},"fnMap":{},"branchMap":{},"s":{"0":3,"1":3,"2":3,"3":3,"4":3,"5":3},"f":{},"b":{},"_coverageSchema":"1a1c01bbd47fc00a2c39e90264f33305004495a9","hash":"721d45b1967d1c9000efb1329b07793e348b4172"}
,"/home/simplicio/Documentos/WEB2/projeto-web2/routes/price_adjustment.routes.js": {"path":"/home/simplicio/Documentos/WEB2/projeto-web2/routes/price_adjustment.routes.js","statementMap":{"0":{"start":{"line":1,"column":16},"end":{"line":1,"column":34}},"1":{"start":{"line":2,"column":15},"end":{"line":2,"column":31}},"2":{"start":{"line":4,"column":34},"end":{"line":4,"column":87}},"3":{"start":{"line":6,"column":0},"end":{"line":6,"column":49}},"4":{"start":{"line":7,"column":0},"end":{"line":7,"column":50}},"5":{"start":{"line":9,"column":0},"end":{"line":9,"column":24}}},"fnMap":{},"branchMap":{},"s":{"0":3,"1":3,"2":3,"3":3,"4":3,"5":3},"f":{},"b":{},"_coverageSchema":"1a1c01bbd47fc00a2c39e90264f33305004495a9","hash":"a4a5c9b090929e9c3574e7388506e0abae4139d6"}
,"/home/simplicio/Documentos/WEB2/projeto-web2/routes/products.routes.js": {"path":"/home/simplicio/Documentos/WEB2/projeto-web2/routes/products.routes.js","statementMap":{"0":{"start":{"line":1,"column":16},"end":{"line":1,"column":34}},"1":{"start":{"line":2,"column":15},"end":{"line":2,"column":31}},"2":{"start":{"line":4,"column":27},"end":{"line":4,"column":71}},"3":{"start":{"line":5,"column":15},"end":{"line":5,"column":42}},"4":{"start":{"line":7,"column":0},"end":{"line":7,"column":41}},"5":{"start":{"line":9,"column":0},"end":{"line":9,"column":43}},"6":{"start":{"line":11,"column":0},"end":{"line":11,"column":68}},"7":{"start":{"line":13,"column":0},"end":{"line":13,"column":46}},"8":{"start":{"line":15,"column":0},"end":{"line":15,"column":49}},"9":{"start":{"line":17,"column":0},"end":{"line":17,"column":24}}},"fnMap":{},"branchMap":{},"s":{"0":3,"1":3,"2":3,"3":3,"4":3,"5":3,"6":3,"7":3,"8":3,"9":3},"f":{},"b":{},"_coverageSchema":"1a1c01bbd47fc00a2c39e90264f33305004495a9","hash":"28db8a6e2b4e75c053e83347b0262460536386e7"}
,"/home/simplicio/Documentos/WEB2/projeto-web2/routes/stock.routes.js": {"path":"/home/simplicio/Documentos/WEB2/projeto-web2/routes/stock.routes.js","statementMap":{"0":{"start":{"line":1,"column":16},"end":{"line":1,"column":34}},"1":{"start":{"line":2,"column":15},"end":{"line":2,"column":31}},"2":{"start":{"line":4,"column":25},"end":{"line":4,"column":67}},"3":{"start":{"line":6,"column":0},"end":{"line":6,"column":40}},"4":{"start":{"line":7,"column":0},"end":{"line":7,"column":42}},"5":{"start":{"line":8,"column":0},"end":{"line":8,"column":41}},"6":{"start":{"line":9,"column":0},"end":{"line":9,"column":44}},"7":{"start":{"line":10,"column":0},"end":{"line":10,"column":48}},"8":{"start":{"line":12,"column":0},"end":{"line":12,"column":24}}},"fnMap":{},"branchMap":{},"s":{"0":3,"1":3,"2":3,"3":3,"4":3,"5":3,"6":3,"7":3,"8":3},"f":{},"b":{},"_coverageSchema":"1a1c01bbd47fc00a2c39e90264f33305004495a9","hash":"178ee7293a9cc931b955026841e3625847452af1"}
,"/home/simplicio/Documentos/WEB2/projeto-web2/routes/stock_movement.routes.js": {"path":"/home/simplicio/Documentos/WEB2/projeto-web2/routes/stock_movement.routes.js","statementMap":{"0":{"start":{"line":1,"column":16},"end":{"line":1,"column":34}},"1":{"start":{"line":2,"column":15},"end":{"line":2,"column":31}},"2":{"start":{"line":4,"column":27},"end":{"line":4,"column":78}},"3":{"start":{"line":6,"column":0},"end":{"line":6,"column":42}},"4":{"start":{"line":7,"column":0},"end":{"line":7,"column":44}},"5":{"start":{"line":8,"column":0},"end":{"line":8,"column":43}},"6":{"start":{"line":9,"column":0},"end":{"line":9,"column":46}},"7":{"start":{"line":10,"column":0},"end":{"line":10,"column":50}},"8":{"start":{"line":12,"column":0},"end":{"line":12,"column":24}}},"fnMap":{},"branchMap":{},"s":{"0":3,"1":3,"2":3,"3":3,"4":3,"5":3,"6":3,"7":3,"8":3},"f":{},"b":{},"_coverageSchema":"1a1c01bbd47fc00a2c39e90264f33305004495a9","hash":"c224849253c0b6516d23281c7691f7e267efbf2e"}
,"/home/simplicio/Documentos/WEB2/projeto-web2/routes/suppliers.routes.js": {"path":"/home/simplicio/Documentos/WEB2/projeto-web2/routes/suppliers.routes.js","statementMap":{"0":{"start":{"line":1,"column":16},"end":{"line":1,"column":34}},"1":{"start":{"line":2,"column":15},"end":{"line":2,"column":31}},"2":{"start":{"line":4,"column":28},"end":{"line":4,"column":74}},"3":{"start":{"line":6,"column":0},"end":{"line":6,"column":43}},"4":{"start":{"line":7,"column":0},"end":{"line":7,"column":45}},"5":{"start":{"line":8,"column":0},"end":{"line":8,"column":44}},"6":{"start":{"line":9,"column":0},"end":{"line":9,"column":47}},"7":{"start":{"line":10,"column":0},"end":{"line":10,"column":51}},"8":{"start":{"line":12,"column":0},"end":{"line":12,"column":24}}},"fnMap":{},"branchMap":{},"s":{"0":3,"1":3,"2":3,"3":3,"4":3,"5":3,"6":3,"7":3,"8":3},"f":{},"b":{},"_coverageSchema":"1a1c01bbd47fc00a2c39e90264f33305004495a9","hash":"c4db546a96c5cfca1c51a1d9948e6ea56ee7fe5b"}
,"/home/simplicio/Documentos/WEB2/projeto-web2/routes/users.routes.js": {"path":"/home/simplicio/Documentos/WEB2/projeto-web2/routes/users.routes.js","statementMap":{"0":{"start":{"line":1,"column":16},"end":{"line":1,"column":34}},"1":{"start":{"line":2,"column":15},"end":{"line":2,"column":31}},"2":{"start":{"line":4,"column":24},"end":{"line":4,"column":65}},"3":{"start":{"line":6,"column":0},"end":{"line":6,"column":38}},"4":{"start":{"line":7,"column":0},"end":{"line":7,"column":41}},"5":{"start":{"line":9,"column":0},"end":{"line":9,"column":24}}},"fnMap":{},"branchMap":{},"s":{"0":3,"1":3,"2":3,"3":3,"4":3,"5":3},"f":{},"b":{},"_coverageSchema":"1a1c01bbd47fc00a2c39e90264f33305004495a9","hash":"dfd1b8db0523bccaba85799e5ea9f13a3f0cb3e2"}
,"/home/simplicio/Documentos/WEB2/projeto-web2/routes/warehouses.routes.js": {"path":"/home/simplicio/Documentos/WEB2/projeto-web2/routes/warehouses.routes.js","statementMap":{"0":{"start":{"line":1,"column":16},"end":{"line":1,"column":34}},"1":{"start":{"line":2,"column":15},"end":{"line":2,"column":31}},"2":{"start":{"line":4,"column":29},"end":{"line":4,"column":76}},"3":{"start":{"line":6,"column":0},"end":{"line":6,"column":44}},"4":{"start":{"line":7,"column":0},"end":{"line":7,"column":46}},"5":{"start":{"line":8,"column":0},"end":{"line":8,"column":45}},"6":{"start":{"line":9,"column":0},"end":{"line":9,"column":48}},"7":{"start":{"line":10,"column":0},"end":{"line":10,"column":52}},"8":{"start":{"line":12,"column":0},"end":{"line":12,"column":24}}},"fnMap":{},"branchMap":{},"s":{"0":3,"1":3,"2":3,"3":3,"4":3,"5":3,"6":3,"7":3,"8":3},"f":{},"b":{},"_coverageSchema":"1a1c01bbd47fc00a2c39e90264f33305004495a9","hash":"6dcad21977ddbf0c219c01c71d00c64996294127"}
}
